<?xml version="1.0" encoding="UTF-8" ?>
<testsuite tests="33" failures="0" name="TestSuite" time="538.503" errors="0" skipped="0">
  <properties>
    <property name="PROCESSOR_ARCHITECTURE" value="AMD64"/>
    <property name="file.encoding.pkg" value="sun.io"/>
    <property name="LOGONSERVER" value="\\BEASTPC"/>
    <property name="ProgramData" value="C:\ProgramData"/>
    <property name="java.home" value="C:\Program Files\Java\jdk1.8.0_311\jre"/>
    <property name="NODE_NAME" value="built-in"/>
    <property name="JENKINS_URL" value="http://localhost:8080/"/>
    <property name="ALLUSERSPROFILE" value="C:\ProgramData"/>
    <property name="java.endorsed.dirs" value="C:\Program Files\Java\jdk1.8.0_311\jre\lib\endorsed"/>
    <property name="PSModulePath" value="C:\Program Files\WindowsPowerShell\Modules;C:\WINDOWS\system32\WindowsPowerShell\v1.0\Modules"/>
    <property name="=::" value="::\"/>
    <property name="USERDOMAIN" value="BEASTPC"/>
    <property name="sun.os.patch.level" value=""/>
    <property name="java.vendor.url" value="http://java.oracle.com/"/>
    <property name="CUDA_PATH" value="C:\Program Files\NVIDIA GPU Computing Toolkit\CUDA\v11.4"/>
    <property name="CommonProgramFiles(x86)" value="C:\Program Files (x86)\Common Files"/>
    <property name="java.version" value="1.8.0_311"/>
    <property name="JOB_NAME" value="FreeCRM"/>
    <property name="COMPUTERNAME" value="BEASTPC"/>
    <property name="java.vendor.url.bug" value="http://bugreport.sun.com/bugreport/"/>
    <property name="PUBLIC" value="C:\Users\Public"/>
    <property name="DokanLibrary1" value="C:\Program Files\Dokan\Dokan Library-1.4.1\"/>
    <property name="user.name" value="Deepak"/>
    <property name="sun.io.unicode.encoding" value="UnicodeLittle"/>
    <property name="sun.jnu.encoding" value="Cp1252"/>
    <property name="java.runtime.name" value="Java(TM) SE Runtime Environment"/>
    <property name="windir" value="C:\WINDOWS"/>
    <property name="PROCESSOR_IDENTIFIER" value="Intel64 Family 6 Model 165 Stepping 2, GenuineIntel"/>
    <property name="=E:" value="E:\Capgemini training\GitJenkins"/>
    <property name="IntelliJ IDEA Community Edition" value="C:\Program Files\JetBrains\IntelliJ IDEA Community Edition 2021.3.1\bin;"/>
    <property name="java.specification.name" value="Java Platform API Specification"/>
    <property name="LOCALAPPDATA" value="C:\Users\Deepak\AppData\Local"/>
    <property name="RUN_CHANGES_DISPLAY_URL" value="http://localhost:8080/job/FreeCRM/2/display/redirect?page=changes"/>
    <property name="user.timezone" value="Asia/Calcutta"/>
    <property name="user.script" value=""/>
    <property name="path.separator" value=";"/>
    <property name="NUMBER_OF_PROCESSORS" value="8"/>
    <property name="BUILD_TAG" value="jenkins-FreeCRM-2"/>
    <property name="GIT_LFS_PATH" value="C:\Program Files\Git LFS"/>
    <property name="DokanLibrary1_LibraryPath_x86" value="C:\Program Files\Dokan\Dokan Library-1.4.1\x86\lib\"/>
    <property name="file.encoding" value="Cp1252"/>
    <property name="sun.java.command" value="jenkins.maven3.agent.Maven35Main E:\Capgemini training\drivers\apache-maven-3.8.5-bin\apache-maven-3.8.5 C:\Users\Deepak\.jenkins\war\WEB-INF\lib\remoting-4.12.jar C:\Users\Deepak\.jenkins\plugins\maven-plugin\WEB-INF\lib\maven35-interceptor-1.13.jar C:\Users\Deepak\.jenkins\plugins\maven-plugin\WEB-INF\lib\maven3-interceptor-commons-1.13.jar 60566"/>
    <property name="HUDSON_URL" value="http://localhost:8080/"/>
    <property name="JENKINS_SERVER_COOKIE" value="a8848cb3190533c1"/>
    <property name="EXECUTOR_NUMBER" value="0"/>
    <property name="Path" value="C:\Program Files\Java\jdk1.8.0_311/bin;C:\Program Files\Common Files\Oracle\Java\javapath;C:\app\Deepak\product\21c\dbhomeXE\bin;C:\Program Files\NVIDIA GPU Computing Toolkit\CUDA\v11.4\bin;C:\Program Files\NVIDIA GPU Computing Toolkit\CUDA\v11.4\libnvvp;C:\Program Files (x86)\Common Files\Oracle\Java\javapath;C:\Program Files (x86)\VMware\VMware Player\bin\;C:\Windows\system32;C:\Windows;C:\Windows\System32\Wbem;C:\Windows\System32\WindowsPowerShell\v1.0\;C:\Windows\System32\OpenSSH\;C:\Program Files (x86)\NVIDIA Corporation\PhysX\Common;C:\Program Files\NVIDIA Corporation\NVIDIA NvDLISR;C:\Program Files\MySQL\MySQL Server 8.0\bin;C:\Program Files\nodejs\;C:\Users\Deepak\AppData\Local\Android\Sdk\platform-tools;C:\WINDOWS\system32;C:\WINDOWS;C:\WINDOWS\System32\Wbem;C:\WINDOWS\System32\WindowsPowerShell\v1.0\;C:\WINDOWS\System32\OpenSSH\;C:\codeblocks\MinGW\bin;C:\Program Files\NVIDIA Corporation\Nsight Compute 2021.2.2\;C:\cuda\bin;C:\Program Files\Git LFS;C:\Program Files\Cloudflare\Cloudflare WARP\;C:\Program Files\Git\cmd;E:\Capgemini training\drivers\apache-maven-3.8.5-bin\apache-maven-3.8.5\bin;C:\Program Files\Java\jdk1.8.0_311\bin;C:\Users\Deepak\AppData\Local\Programs\Python\Python39\Scripts\;C:\Users\Deepak\AppData\Local\Programs\Python\Python39\;C:\Program Files\MySQL\MySQL Shell 8.0\bin\;C:\Users\Deepak\AppData\Local\Microsoft\WindowsApps;C:\Users\Deepak\AppData\Local\Programs\Microsoft VS Code\bin;C:\Users\Deepak\AppData\Roaming\npm;C:\Users\Deepak\AppData\Local\Android\Sdk\platform-tools;C:\Program Files\AdoptOpenJDK\jdk-11.0.11.9-hotspot\bin;C:\Program Files\JetBrains\IntelliJ IDEA Community Edition 2021.3.1\bin;;E:\Capgemini training\drivers\opencsv-4.1;"/>
    <property name="java.io.tmpdir" value="C:\Users\Deepak\AppData\Local\Temp\"/>
    <property name="APPDATA" value="C:\Users\Deepak\AppData\Roaming"/>
    <property name="user.language" value="en"/>
    <property name="line.separator" value="
"/>
    <property name="BUILD_URL" value="http://localhost:8080/job/FreeCRM/2/"/>
    <property name="M2_HOME" value="E:\Capgemini training\drivers\apache-maven-3.8.5-bin\apache-maven-3.8.5"/>
    <property name="java.vm.info" value="mixed mode"/>
    <property name="DriverData" value="C:\Windows\System32\Drivers\DriverData"/>
    <property name="sun.desktop" value="windows"/>
    <property name="java.vm.specification.name" value="Java Virtual Machine Specification"/>
    <property name="CI" value="true"/>
    <property name="BUILD_DISPLAY_NAME" value="#2"/>
    <property name="OS" value="Windows_NT"/>
    <property name="guice.disable.misplaced.annotation.check" value="true"/>
    <property name="DokanLibrary1_LibraryPath_x64" value="C:\Program Files\Dokan\Dokan Library-1.4.1\lib\"/>
    <property name="HUDSON_SERVER_COOKIE" value="a8848cb3190533c1"/>
    <property name="WORKSPACE_TMP" value="C:\Users\Deepak\.jenkins\workspace\FreeCRM@tmp"/>
    <property name="MAVEN_HOME" value="E:\Capgemini training\drivers\apache-maven-3.8.5-bin\apache-maven-3.8.5"/>
    <property name="SESSIONNAME" value="Console"/>
    <property name="PATHEXT" value=".COM;.EXE;.BAT;.CMD;.VBS;.VBE;.JS;.JSE;.WSF;.WSH;.MSC"/>
    <property name="java.awt.printerjob" value="sun.awt.windows.WPrinterJob"/>
    <property name="maven3.interceptor.common" value="C:\Users\Deepak\.jenkins\plugins\maven-plugin\WEB-INF\lib\maven3-interceptor-commons-1.13.jar"/>
    <property name="CLASSPATH" value=""/>
    <property name="jansi.mode" value="strip"/>
    <property name="HOMEPATH" value="\Users\Deepak"/>
    <property name="os.name" value="Windows 10"/>
    <property name="java.specification.vendor" value="Oracle Corporation"/>
    <property name="java.vm.name" value="Java HotSpot(TM) 64-Bit Server VM"/>
    <property name="BUILD_NUMBER" value="2"/>
    <property name="maven3.interceptor" value="C:\Users\Deepak\.jenkins\plugins\maven-plugin\WEB-INF\lib\maven35-interceptor-1.13.jar"/>
    <property name="java.library.path" value="C:\Program Files\Java\jdk1.8.0_311\bin;C:\WINDOWS\Sun\Java\bin;C:\WINDOWS\system32;C:\WINDOWS;E:\Capgemini training\drivers\apache-maven-3.8.5-bin\apache-maven-3.8.5/bin;C:\Program Files\Java\jdk1.8.0_311/bin;C:\Program Files\Java\jdk1.8.0_311/bin;C:\Program Files\Common Files\Oracle\Java\javapath;C:\app\Deepak\product\21c\dbhomeXE\bin;C:\Program Files\NVIDIA GPU Computing Toolkit\CUDA\v11.4\bin;C:\Program Files\NVIDIA GPU Computing Toolkit\CUDA\v11.4\libnvvp;C:\Program Files (x86)\Common Files\Oracle\Java\javapath;C:\Program Files (x86)\VMware\VMware Player\bin\;C:\Windows\system32;C:\Windows;C:\Windows\System32\Wbem;C:\Windows\System32\WindowsPowerShell\v1.0\;C:\Windows\System32\OpenSSH\;C:\Program Files (x86)\NVIDIA Corporation\PhysX\Common;C:\Program Files\NVIDIA Corporation\NVIDIA NvDLISR;C:\Program Files\MySQL\MySQL Server 8.0\bin;C:\Program Files\nodejs\;C:\Users\Deepak\AppData\Local\Android\Sdk\platform-tools;C:\WINDOWS\system32;C:\WINDOWS;C:\WINDOWS\System32\Wbem;C:\WINDOWS\System32\WindowsPowerShell\v1.0\;C:\WINDOWS\System32\OpenSSH\;C:\codeblocks\MinGW\bin;C:\Program Files\NVIDIA Corporation\Nsight Compute 2021.2.2\;C:\cuda\bin;C:\Program Files\Git LFS;C:\Program Files\Cloudflare\Cloudflare WARP\;C:\Program Files\Git\cmd;E:\Capgemini training\drivers\apache-maven-3.8.5-bin\apache-maven-3.8.5\bin;C:\Program Files\Java\jdk1.8.0_311\bin;C:\Users\Deepak\AppData\Local\Programs\Python\Python39\Scripts\;C:\Users\Deepak\AppData\Local\Programs\Python\Python39\;C:\Program Files\MySQL\MySQL Shell 8.0\bin\;C:\Users\Deepak\AppData\Local\Microsoft\WindowsApps;C:\Users\Deepak\AppData\Local\Programs\Microsoft VS Code\bin;C:\Users\Deepak\AppData\Roaming\npm;C:\Users\Deepak\AppData\Local\Android\Sdk\platform-tools;C:\Program Files\AdoptOpenJDK\jdk-11.0.11.9-hotspot\bin;C:\Program Files\JetBrains\IntelliJ IDEA Community Edition 2021.3.1\bin;;E:\Capgemini training\drivers\opencsv-4.1;;."/>
    <property name="HOMEDRIVE" value="C:"/>
    <property name="POM_GROUPID" value="FreeCRM"/>
    <property name="POM_ARTIFACTID" value="FreeCRM"/>
    <property name="java.class.version" value="52.0"/>
    <property name="JOB_URL" value="http://localhost:8080/job/FreeCRM/"/>
    <property name="NVCUDASAMPLES11_4_ROOT" value="C:\ProgramData\NVIDIA Corporation\CUDA Samples\v11.4"/>
    <property name="OneDrive" value="C:\Users\Deepak\OneDrive"/>
    <property name="RUN_DISPLAY_URL" value="http://localhost:8080/job/FreeCRM/2/display/redirect"/>
    <property name="VBOX_MSI_INSTALL_PATH" value="C:\Program Files\Oracle\VirtualBox\"/>
    <property name="JENKINS_HOME" value="C:\Users\Deepak\.jenkins"/>
    <property name="BUILD_ID" value="2"/>
    <property name="TEMP" value="C:\Users\Deepak\AppData\Local\Temp"/>
    <property name="sun.boot.library.path" value="C:\Program Files\Java\jdk1.8.0_311\jre\bin"/>
    <property name="sun.management.compiler" value="HotSpot 64-Bit Tiered Compilers"/>
    <property name="java.awt.graphicsenv" value="sun.awt.Win32GraphicsEnvironment"/>
    <property name="user.variant" value=""/>
    <property name="PROCESSOR_REVISION" value="a502"/>
    <property name="POM_VERSION" value="0.0.1-SNAPSHOT"/>
    <property name="HUDSON_HOME" value="C:\Users\Deepak\.jenkins"/>
    <property name="ProgramFiles(x86)" value="C:\Program Files (x86)"/>
    <property name="PATH+MAVEN" value="E:\Capgemini training\drivers\apache-maven-3.8.5-bin\apache-maven-3.8.5/bin"/>
    <property name="USERDOMAIN_ROAMINGPROFILE" value="BEASTPC"/>
    <property name="RUN_ARTIFACTS_DISPLAY_URL" value="http://localhost:8080/job/FreeCRM/2/display/redirect?page=artifacts"/>
    <property name="PROMPT" value="$P$G"/>
    <property name="java.vm.specification.version" value="1.8"/>
    <property name="JAVA_HOME" value="C:\Program Files\Java\jdk1.8.0_311"/>
    <property name="awt.toolkit" value="sun.awt.windows.WToolkit"/>
    <property name="NODE_LABELS" value="built-in"/>
    <property name="NVTOOLSEXT_PATH" value="C:\Program Files\NVIDIA Corporation\NvToolsExt\"/>
    <property name="sun.cpu.isalist" value="amd64"/>
    <property name="USERPROFILE" value="C:\Users\Deepak"/>
    <property name="JOB_DISPLAY_URL" value="http://localhost:8080/job/FreeCRM/display/redirect"/>
    <property name="java.ext.dirs" value="C:\Program Files\Java\jdk1.8.0_311\jre\lib\ext;C:\WINDOWS\Sun\Java\lib\ext"/>
    <property name="os.version" value="10.0"/>
    <property name="user.home" value="C:\Users\Deepak"/>
    <property name="USERNAME" value="Deepak"/>
    <property name="java.vm.vendor" value="Oracle Corporation"/>
    <property name="PROCESSOR_LEVEL" value="6"/>
    <property name="CommonProgramW6432" value="C:\Program Files\Common Files"/>
    <property name="CUDA_PATH_V11_4" value="C:\Program Files\NVIDIA GPU Computing Toolkit\CUDA\v11.4"/>
    <property name="user.dir" value="C:\Users\Deepak\eclipse-workspace\FreeCRM"/>
    <property name="maven.conf" value="E:\Capgemini training\drivers\apache-maven-3.8.5-bin\apache-maven-3.8.5\conf"/>
    <property name="ProgramW6432" value="C:\Program Files"/>
    <property name="TMP" value="C:\Users\Deepak\AppData\Local\Temp"/>
    <property name="sun.cpu.endian" value="little"/>
    <property name="SystemDrive" value="C:"/>
    <property name="java.vm.version" value="25.311-b11"/>
    <property name="java.class.path" value="C:\Users\Deepak\.jenkins\plugins\maven-plugin\WEB-INF\lib\maven35-agent-1.13.jar;E:\Capgemini training\drivers\apache-maven-3.8.5-bin\apache-maven-3.8.5\boot\plexus-classworlds-2.6.0.jar;E:\Capgemini training\drivers\apache-maven-3.8.5-bin\apache-maven-3.8.5/conf/logging"/>
    <property name="org.slf4j.simpleLogger.defaultLogLevel" value="info"/>
    <property name="os.arch" value="amd64"/>
    <property name="OneDriveConsumer" value="C:\Users\Deepak\OneDrive"/>
    <property name="WORKSPACE" value="C:\Users\Deepak\.jenkins\workspace\FreeCRM"/>
    <property name="ComSpec" value="C:\WINDOWS\system32\cmd.exe"/>
    <property name="RUN_TESTS_DISPLAY_URL" value="http://localhost:8080/job/FreeCRM/2/display/redirect?page=tests"/>
    <property name="sun.java.launcher" value="SUN_STANDARD"/>
    <property name="SystemRoot" value="C:\WINDOWS"/>
    <property name="CommonProgramFiles" value="C:\Program Files\Common Files"/>
    <property name="java.vm.specification.vendor" value="Oracle Corporation"/>
    <property name="file.separator" value="\"/>
    <property name="java.runtime.version" value="1.8.0_311-b11"/>
    <property name="ProgramFiles" value="C:\Program Files"/>
    <property name="sun.boot.class.path" value="C:\Program Files\Java\jdk1.8.0_311\jre\lib\resources.jar;C:\Program Files\Java\jdk1.8.0_311\jre\lib\rt.jar;C:\Program Files\Java\jdk1.8.0_311\jre\lib\sunrsasign.jar;C:\Program Files\Java\jdk1.8.0_311\jre\lib\jsse.jar;C:\Program Files\Java\jdk1.8.0_311\jre\lib\jce.jar;C:\Program Files\Java\jdk1.8.0_311\jre\lib\charsets.jar;C:\Program Files\Java\jdk1.8.0_311\jre\lib\jfr.jar;C:\Program Files\Java\jdk1.8.0_311\jre\classes"/>
    <property name="NVCUDASAMPLES_ROOT" value="C:\ProgramData\NVIDIA Corporation\CUDA Samples\v11.4"/>
    <property name="PATH+JDK" value="C:\Program Files\Java\jdk1.8.0_311/bin"/>
    <property name="=ExitCode" value="C000013A"/>
    <property name="user.country" value="IN"/>
    <property name="POM_PACKAGING" value="jar"/>
    <property name="maven.home" value="E:\Capgemini training\drivers\apache-maven-3.8.5-bin\apache-maven-3.8.5"/>
    <property name="JOB_BASE_NAME" value="FreeCRM"/>
    <property name="java.vendor" value="Oracle Corporation"/>
    <property name="POM_DISPLAYNAME" value="FreeCRM"/>
    <property name="java.specification.version" value="1.8"/>
    <property name="sun.arch.data.model" value="64"/>
  </properties>
  <testcase classname="com.stepDefinition.CompaniesTest" name="Scenario" time="19.411"/>
  <testcase classname="com.stepDefinition.CompaniesTest" name="Scenario" time="20.776"/>
  <testcase classname="com.stepDefinition.CompaniesTest" name="Scenario" time="20.582"/>
  <testcase classname="com.stepDefinition.CompaniesTest" name="Scenario" time="17.661"/>
  <testcase classname="com.stepDefinition.CompaniesTest" name="Scenario" time="20.233"/>
  <testcase classname="com.stepDefinition.CompaniesTest" name="Scenario" time="14.816"/>
  <testcase classname="com.stepDefinition.CompaniesTest" name="Scenario" time="16.034"/>
  <testcase classname="com.stepDefinition.CompaniesTest" name="Scenario" time="21.854"/>
  <testcase classname="com.stepDefinition.CompaniesTest" name="Scenario" time="20.256"/>
  <testcase classname="com.stepDefinition.CompaniesTest" name="Scenario" time="23.689"/>
  <testcase classname="com.stepDefinition.CompaniesTest" name="Scenario" time="35.345"/>
  <testcase classname="com.stepDefinition.CompaniesTest" name="Scenario" time="3.645"/>
  <testcase classname="com.stepDefinition.CompaniesTest" name="Scenario" time="5.416"/>
  <testcase classname="com.stepDefinition.CompaniesTest" name="Scenario" time="6.935"/>
  <testcase classname="com.stepDefinition.CompaniesTest" name="Scenario" time="6.323"/>
  <testcase classname="com.stepDefinition.CompaniesTest" name="Scenario" time="9.539"/>
  <testcase classname="com.stepDefinition.CompaniesTest" name="Scenario" time="20.608"/>
  <testcase classname="com.stepDefinition.CompaniesTest" name="Scenario" time="8.275"/>
  <testcase classname="com.stepDefinition.CompaniesTest" name="Scenario" time="10.765"/>
  <testcase classname="com.stepDefinition.CompaniesTest" name="Scenario" time="15.111"/>
  <testcase classname="com.stepDefinition.CompaniesTest" name="Scenario" time="33.015"/>
  <testcase classname="com.stepDefinition.CompaniesTest" name="Scenario" time="22.112"/>
  <testcase classname="com.stepDefinition.CompaniesTest" name="Scenario" time="5.302"/>
  <testcase classname="com.stepDefinition.CompaniesTest" name="Scenario" time="8.181"/>
  <testcase classname="com.stepDefinition.CompaniesTest" name="Scenario" time="21.747"/>
  <testcase classname="com.stepDefinition.CompaniesTest" name="Scenario" time="4.921"/>
  <testcase classname="com.stepDefinition.CompaniesTest" name="Scenario" time="19.85"/>
  <testcase classname="com.stepDefinition.CompaniesTest" name="Scenario" time="9.231"/>
  <testcase classname="com.stepDefinition.CompaniesTest" name="Scenario" time="34.185"/>
  <testcase classname="com.stepDefinition.CompaniesTest" name="Scenario" time="13.996"/>
  <testcase classname="com.stepDefinition.CompaniesTest" name="Scenario" time="16.164"/>
  <testcase classname="com.stepDefinition.CompaniesTest" name="Scenario" time="16.287"/>
  <testcase classname="com.stepDefinition.CompaniesTest" name="Scenario" time="16.238"/>
</testsuite>