<?xml version="1.0" encoding="UTF-8"?>
<!-- Generated by org.testng.reporters.JUnitReportReporter -->
<testsuite skipped="0" hostname="BeastPC" name="com.runner.FreeCRMRunner" tests="44" failures="0" timestamp="2022-03-22T22:50:35 IST" time="871.772" errors="0">
  <testcase name="Scenario" time="33.064" classname="com.runner.FreeCRMRunner"/>
  <system-out/>
  <testcase name="Scenario" time="34.393" classname="com.runner.FreeCRMRunner"/>
  <system-out/>
  <testcase name="Scenario" time="21.177" classname="com.runner.FreeCRMRunner"/>
  <system-out/>
  <testcase name="Scenario" time="26.818" classname="com.runner.FreeCRMRunner"/>
  <system-out/>
  <testcase name="Scenario" time="3.297" classname="com.runner.FreeCRMRunner"/>
  <system-out/>
  <testcase name="Scenario" time="7.986" classname="com.runner.FreeCRMRunner"/>
  <system-out/>
  <testcase name="Scenario" time="39.093" classname="com.runner.FreeCRMRunner"/>
  <system-out/>
  <testcase name="Scenario" time="30.695" classname="com.runner.FreeCRMRunner"/>
  <system-out/>
  <testcase name="Scenario" time="24.385" classname="com.runner.FreeCRMRunner"/>
  <system-out/>
  <testcase name="Scenario" time="25.460" classname="com.runner.FreeCRMRunner"/>
  <system-out/>
  <testcase name="Scenario" time="27.686" classname="com.runner.FreeCRMRunner"/>
  <system-out/>
  <testcase name="Scenario" time="26.656" classname="com.runner.FreeCRMRunner"/>
  <system-out/>
  <testcase name="Scenario" time="25.916" classname="com.runner.FreeCRMRunner"/>
  <system-out/>
  <testcase name="Scenario" time="20.372" classname="com.runner.FreeCRMRunner"/>
  <system-out/>
  <testcase name="Scenario" time="18.869" classname="com.runner.FreeCRMRunner"/>
  <system-out/>
  <testcase name="Scenario" time="19.825" classname="com.runner.FreeCRMRunner"/>
  <system-out/>
  <testcase name="Scenario" time="25.351" classname="com.runner.FreeCRMRunner"/>
  <system-out/>
  <testcase name="Scenario" time="22.599" classname="com.runner.FreeCRMRunner"/>
  <system-out/>
  <testcase name="Scenario" time="29.835" classname="com.runner.FreeCRMRunner"/>
  <system-out/>
  <testcase name="Scenario" time="22.512" classname="com.runner.FreeCRMRunner"/>
  <system-out/>
  <testcase name="Scenario" time="6.315" classname="com.runner.FreeCRMRunner"/>
  <system-out/>
  <testcase name="Scenario" time="25.711" classname="com.runner.FreeCRMRunner"/>
  <system-out/>
  <testcase name="Scenario" time="9.130" classname="com.runner.FreeCRMRunner"/>
  <system-out/>
  <testcase name="Scenario" time="14.804" classname="com.runner.FreeCRMRunner"/>
  <system-out/>
  <testcase name="Scenario" time="28.773" classname="com.runner.FreeCRMRunner"/>
  <system-out/>
  <testcase name="Scenario" time="25.293" classname="com.runner.FreeCRMRunner"/>
  <system-out/>
  <testcase name="Scenario" time="5.200" classname="com.runner.FreeCRMRunner"/>
  <system-out/>
  <testcase name="Scenario" time="24.610" classname="com.runner.FreeCRMRunner"/>
  <system-out/>
  <testcase name="Scenario" time="27.652" classname="com.runner.FreeCRMRunner"/>
  <system-out/>
  <testcase name="Scenario" time="26.467" classname="com.runner.FreeCRMRunner"/>
  <system-out/>
  <testcase name="Scenario" time="19.996" classname="com.runner.FreeCRMRunner"/>
  <system-out/>
  <testcase name="Scenario" time="25.398" classname="com.runner.FreeCRMRunner"/>
  <system-out/>
  <testcase name="Scenario" time="4.885" classname="com.runner.FreeCRMRunner"/>
  <system-out/>
  <testcase name="Scenario" time="6.260" classname="com.runner.FreeCRMRunner"/>
  <system-out/>
  <testcase name="Scenario" time="9.417" classname="com.runner.FreeCRMRunner"/>
  <system-out/>
  <testcase name="Scenario" time="8.198" classname="com.runner.FreeCRMRunner"/>
  <system-out/>
  <testcase name="Scenario" time="10.450" classname="com.runner.FreeCRMRunner"/>
  <system-out/>
  <testcase name="Scenario" time="21.154" classname="com.runner.FreeCRMRunner"/>
  <system-out/>
  <testcase name="Scenario" time="20.744" classname="com.runner.FreeCRMRunner"/>
  <system-out/>
  <testcase name="Scenario" time="5.312" classname="com.runner.FreeCRMRunner"/>
  <system-out/>
  <testcase name="Scenario" time="9.343" classname="com.runner.FreeCRMRunner"/>
  <system-out/>
  <testcase name="Scenario" time="6.510" classname="com.runner.FreeCRMRunner"/>
  <system-out/>
  <testcase name="Scenario" time="19.129" classname="com.runner.FreeCRMRunner"/>
  <system-out/>
  <testcase name="Scenario" time="25.032" classname="com.runner.FreeCRMRunner"/>
  <system-out/>
</testsuite> <!-- com.runner.FreeCRMRunner -->
