<?xml version="1.0" encoding="UTF-8"?>
<!-- Generated by org.testng.reporters.JUnitReportReporter -->
<testsuite skipped="0" hostname="BeastPC" name="com.runner.FreeCRMRunner" tests="10" failures="0" timestamp="2022-03-22T21:01:55 IST" time="0.483" errors="10">
  <testcase name="Scenario" time="0.029" classname="com.runner.FreeCRMRunner">
    <error type="java.io.FileNotFoundException" message="\src\test\resources\datasource\logincompanies.xlsx (The system cannot find the path specified)">
      <![CDATA[java.io.FileNotFoundException: \src\test\resources\datasource\logincompanies.xlsx (The system cannot find the path specified)
at java.io.FileInputStream.open0(Native Method)
at java.io.FileInputStream.open(FileInputStream.java:195)
at java.io.FileInputStream.<init>(FileInputStream.java:138)
at com.stepDefinition.CompaniesTest.user_is_logged_in_and_is_in_companies_module(CompaniesTest.java:43)
at ✽.User is Logged in and is in Companies Module(file:///C:/Users/Deepak/eclipse-workspace/FreeCRM/Features/Companies/CreateCompany.feature:16)
]]>
    </error>
  </testcase> <!-- Scenario -->
  <system-out/>
  <testcase name="Scenario" time="0.024" classname="com.runner.FreeCRMRunner">
    <error type="java.io.FileNotFoundException" message="\src\test\resources\datasource\logincompanies.xlsx (The system cannot find the path specified)">
      <![CDATA[java.io.FileNotFoundException: \src\test\resources\datasource\logincompanies.xlsx (The system cannot find the path specified)
at java.io.FileInputStream.open0(Native Method)
at java.io.FileInputStream.open(FileInputStream.java:195)
at java.io.FileInputStream.<init>(FileInputStream.java:138)
at com.stepDefinition.CompaniesTest.user_is_logged_in_and_is_in_companies_module(CompaniesTest.java:43)
at ✽.User is Logged in and is in Companies Module(file:///C:/Users/Deepak/eclipse-workspace/FreeCRM/Features/Companies/DeleteCompany.feature:12)
]]>
    </error>
  </testcase> <!-- Scenario -->
  <system-out/>
  <testcase name="Scenario" time="0.042" classname="com.runner.FreeCRMRunner">
    <error type="java.io.FileNotFoundException" message="\src\test\resources\datasource\logincompanies.xlsx (The system cannot find the path specified)">
      <![CDATA[java.io.FileNotFoundException: \src\test\resources\datasource\logincompanies.xlsx (The system cannot find the path specified)
at java.io.FileInputStream.open0(Native Method)
at java.io.FileInputStream.open(FileInputStream.java:195)
at java.io.FileInputStream.<init>(FileInputStream.java:138)
at com.stepDefinition.CompaniesTest.user_is_logged_in_and_is_in_companies_module(CompaniesTest.java:43)
at ✽.User is Logged in and is in Companies Module(file:///C:/Users/Deepak/eclipse-workspace/FreeCRM/Features/Companies/CompanyFilter.feature:24)
]]>
    </error>
  </testcase> <!-- Scenario -->
  <system-out/>
  <testcase name="Scenario" time="0.022" classname="com.runner.FreeCRMRunner">
    <error type="java.io.FileNotFoundException" message="\src\test\resources\datasource\logincompanies.xlsx (The system cannot find the path specified)">
      <![CDATA[java.io.FileNotFoundException: \src\test\resources\datasource\logincompanies.xlsx (The system cannot find the path specified)
at java.io.FileInputStream.open0(Native Method)
at java.io.FileInputStream.open(FileInputStream.java:195)
at java.io.FileInputStream.<init>(FileInputStream.java:138)
at com.stepDefinition.CompaniesTest.user_is_logged_in_and_is_in_companies_module(CompaniesTest.java:43)
at ✽.User is Logged in and is in Companies Module(file:///C:/Users/Deepak/eclipse-workspace/FreeCRM/Features/Companies/CreateCompany.feature:34)
]]>
    </error>
  </testcase> <!-- Scenario -->
  <system-out/>
  <testcase name="Scenario" time="0.019" classname="com.runner.FreeCRMRunner">
    <error type="java.io.FileNotFoundException" message="\src\test\resources\datasource\logincompanies.xlsx (The system cannot find the path specified)">
      <![CDATA[java.io.FileNotFoundException: \src\test\resources\datasource\logincompanies.xlsx (The system cannot find the path specified)
at java.io.FileInputStream.open0(Native Method)
at java.io.FileInputStream.open(FileInputStream.java:195)
at java.io.FileInputStream.<init>(FileInputStream.java:138)
at com.stepDefinition.CompaniesTest.user_is_logged_in_and_is_in_companies_module(CompaniesTest.java:43)
at ✽.User is Logged in and is in Companies Module(file:///C:/Users/Deepak/eclipse-workspace/FreeCRM/Features/Companies/DeleteCompany.feature:19)
]]>
    </error>
  </testcase> <!-- Scenario -->
  <system-out/>
  <testcase name="Scenario" time="0.209" classname="com.runner.FreeCRMRunner">
    <error type="java.io.FileNotFoundException" message="\src\test\resources\datasource\logincompanies.xlsx (The system cannot find the path specified)">
      <![CDATA[java.io.FileNotFoundException: \src\test\resources\datasource\logincompanies.xlsx (The system cannot find the path specified)
at java.io.FileInputStream.open0(Native Method)
at java.io.FileInputStream.open(FileInputStream.java:195)
at java.io.FileInputStream.<init>(FileInputStream.java:138)
at com.stepDefinition.CompaniesTest.user_is_logged_in_and_is_in_companies_module(CompaniesTest.java:43)
at ✽.User is Logged in and is in Companies Module(file:///C:/Users/Deepak/eclipse-workspace/FreeCRM/Features/Companies/CompanyFilter.feature:12)
]]>
    </error>
  </testcase> <!-- Scenario -->
  <system-out/>
  <testcase name="Scenario" time="0.023" classname="com.runner.FreeCRMRunner">
    <error type="java.io.FileNotFoundException" message="\src\test\resources\datasource\logincompanies.xlsx (The system cannot find the path specified)">
      <![CDATA[java.io.FileNotFoundException: \src\test\resources\datasource\logincompanies.xlsx (The system cannot find the path specified)
at java.io.FileInputStream.open0(Native Method)
at java.io.FileInputStream.open(FileInputStream.java:195)
at java.io.FileInputStream.<init>(FileInputStream.java:138)
at com.stepDefinition.CompaniesTest.user_is_logged_in_and_is_in_companies_module(CompaniesTest.java:43)
at ✽.User is Logged in and is in Companies Module(file:///C:/Users/Deepak/eclipse-workspace/FreeCRM/Features/Companies/CreateCompany.feature:42)
]]>
    </error>
  </testcase> <!-- Scenario -->
  <system-out/>
  <testcase name="Scenario" time="0.062" classname="com.runner.FreeCRMRunner">
    <error type="java.io.FileNotFoundException" message="\src\test\resources\datasource\logincompanies.xlsx (The system cannot find the path specified)">
      <![CDATA[java.io.FileNotFoundException: \src\test\resources\datasource\logincompanies.xlsx (The system cannot find the path specified)
at java.io.FileInputStream.open0(Native Method)
at java.io.FileInputStream.open(FileInputStream.java:195)
at java.io.FileInputStream.<init>(FileInputStream.java:138)
at com.stepDefinition.CompaniesTest.user_is_logged_in_and_is_in_companies_module(CompaniesTest.java:43)
at ✽.User is Logged in and is in Companies Module(file:///C:/Users/Deepak/eclipse-workspace/FreeCRM/Features/Companies/CompanyFilter.feature:36)
]]>
    </error>
  </testcase> <!-- Scenario -->
  <system-out/>
  <testcase name="Scenario" time="0.028" classname="com.runner.FreeCRMRunner">
    <error type="java.io.FileNotFoundException" message="\src\test\resources\datasource\logincompanies.xlsx (The system cannot find the path specified)">
      <![CDATA[java.io.FileNotFoundException: \src\test\resources\datasource\logincompanies.xlsx (The system cannot find the path specified)
at java.io.FileInputStream.open0(Native Method)
at java.io.FileInputStream.open(FileInputStream.java:195)
at java.io.FileInputStream.<init>(FileInputStream.java:138)
at com.stepDefinition.CompaniesTest.user_is_logged_in_and_is_in_companies_module(CompaniesTest.java:43)
at ✽.User is Logged in and is in Companies Module(file:///C:/Users/Deepak/eclipse-workspace/FreeCRM/Features/Companies/CreateCompany.feature:10)
]]>
    </error>
  </testcase> <!-- Scenario -->
  <system-out/>
  <testcase name="Scenario" time="0.025" classname="com.runner.FreeCRMRunner">
    <error type="java.io.FileNotFoundException" message="\src\test\resources\datasource\logincompanies.xlsx (The system cannot find the path specified)">
      <![CDATA[java.io.FileNotFoundException: \src\test\resources\datasource\logincompanies.xlsx (The system cannot find the path specified)
at java.io.FileInputStream.open0(Native Method)
at java.io.FileInputStream.open(FileInputStream.java:195)
at java.io.FileInputStream.<init>(FileInputStream.java:138)
at com.stepDefinition.CompaniesTest.user_is_logged_in_and_is_in_companies_module(CompaniesTest.java:43)
at ✽.User is Logged in and is in Companies Module(file:///C:/Users/Deepak/eclipse-workspace/FreeCRM/Features/Companies/CreateCompany.feature:27)
]]>
    </error>
  </testcase> <!-- Scenario -->
  <system-out/>
</testsuite> <!-- com.runner.FreeCRMRunner -->
