<?xml version="1.0" encoding="UTF-8"?>
<!-- Generated by org.testng.reporters.JUnitReportReporter -->
<testsuite skipped="0" hostname="BeastPC" name="com.stepDefinition.CompaniesTest" tests="10" failures="0" timestamp="2022-03-21T16:55:37 IST" time="1.491" errors="10">
  <testcase name="Scenario" time="1.064" classname="com.stepDefinition.CompaniesTest">
    <error type="java.lang.NullPointerException">
      <![CDATA[java.lang.NullPointerException
at com.stepDefinition.CompaniesTest.user_is_logged_in_and_is_in_companies_module(CompaniesTest.java:44)
at ✽.User is Logged in and is in Companies Module(file:///C:/Users/Deepak/eclipse-workspace/FreeCRM/Features/Companies/CompanyFilter.feature:12)
]]>
    </error>
  </testcase> <!-- Scenario -->
  <system-out/>
  <testcase name="Scenario" time="0.035" classname="com.stepDefinition.CompaniesTest">
    <error type="java.lang.NullPointerException">
      <![CDATA[java.lang.NullPointerException
at com.stepDefinition.CompaniesTest.user_is_logged_in_and_is_in_companies_module(CompaniesTest.java:44)
at ✽.User is Logged in and is in Companies Module(file:///C:/Users/Deepak/eclipse-workspace/FreeCRM/Features/Companies/DeleteCompany.feature:19)
]]>
    </error>
  </testcase> <!-- Scenario -->
  <system-out/>
  <testcase name="Scenario" time="0.048" classname="com.stepDefinition.CompaniesTest">
    <error type="java.lang.NullPointerException">
      <![CDATA[java.lang.NullPointerException
at com.stepDefinition.CompaniesTest.user_is_logged_in_and_is_in_companies_module(CompaniesTest.java:44)
at ✽.User is Logged in and is in Companies Module(file:///C:/Users/Deepak/eclipse-workspace/FreeCRM/Features/Companies/CreateCompany.feature:34)
]]>
    </error>
  </testcase> <!-- Scenario -->
  <system-out/>
  <testcase name="Scenario" time="0.051" classname="com.stepDefinition.CompaniesTest">
    <error type="java.lang.NullPointerException">
      <![CDATA[java.lang.NullPointerException
at com.stepDefinition.CompaniesTest.user_is_logged_in_and_is_in_companies_module(CompaniesTest.java:44)
at ✽.User is Logged in and is in Companies Module(file:///C:/Users/Deepak/eclipse-workspace/FreeCRM/Features/Companies/CreateCompany.feature:10)
]]>
    </error>
  </testcase> <!-- Scenario -->
  <system-out/>
  <testcase name="Scenario" time="0.044" classname="com.stepDefinition.CompaniesTest">
    <error type="java.lang.NullPointerException">
      <![CDATA[java.lang.NullPointerException
at com.stepDefinition.CompaniesTest.user_is_logged_in_and_is_in_companies_module(CompaniesTest.java:44)
at ✽.User is Logged in and is in Companies Module(file:///C:/Users/Deepak/eclipse-workspace/FreeCRM/Features/Companies/CreateCompany.feature:27)
]]>
    </error>
  </testcase> <!-- Scenario -->
  <system-out/>
  <testcase name="Scenario" time="0.048" classname="com.stepDefinition.CompaniesTest">
    <error type="java.lang.NullPointerException">
      <![CDATA[java.lang.NullPointerException
at com.stepDefinition.CompaniesTest.user_is_logged_in_and_is_in_companies_module(CompaniesTest.java:44)
at ✽.User is Logged in and is in Companies Module(file:///C:/Users/Deepak/eclipse-workspace/FreeCRM/Features/Companies/CreateCompany.feature:42)
]]>
    </error>
  </testcase> <!-- Scenario -->
  <system-out/>
  <testcase name="Scenario" time="0.040" classname="com.stepDefinition.CompaniesTest">
    <error type="java.lang.NullPointerException">
      <![CDATA[java.lang.NullPointerException
at com.stepDefinition.CompaniesTest.user_is_logged_in_and_is_in_companies_module(CompaniesTest.java:44)
at ✽.User is Logged in and is in Companies Module(file:///C:/Users/Deepak/eclipse-workspace/FreeCRM/Features/Companies/DeleteCompany.feature:12)
]]>
    </error>
  </testcase> <!-- Scenario -->
  <system-out/>
  <testcase name="Scenario" time="0.063" classname="com.stepDefinition.CompaniesTest">
    <error type="java.lang.NullPointerException">
      <![CDATA[java.lang.NullPointerException
at com.stepDefinition.CompaniesTest.user_is_logged_in_and_is_in_companies_module(CompaniesTest.java:44)
at ✽.User is Logged in and is in Companies Module(file:///C:/Users/Deepak/eclipse-workspace/FreeCRM/Features/Companies/CompanyFilter.feature:24)
]]>
    </error>
  </testcase> <!-- Scenario -->
  <system-out/>
  <testcase name="Scenario" time="0.052" classname="com.stepDefinition.CompaniesTest">
    <error type="java.lang.NullPointerException">
      <![CDATA[java.lang.NullPointerException
at com.stepDefinition.CompaniesTest.user_is_logged_in_and_is_in_companies_module(CompaniesTest.java:44)
at ✽.User is Logged in and is in Companies Module(file:///C:/Users/Deepak/eclipse-workspace/FreeCRM/Features/Companies/CompanyFilter.feature:36)
]]>
    </error>
  </testcase> <!-- Scenario -->
  <system-out/>
  <testcase name="Scenario" time="0.046" classname="com.stepDefinition.CompaniesTest">
    <error type="java.lang.NullPointerException">
      <![CDATA[java.lang.NullPointerException
at com.stepDefinition.CompaniesTest.user_is_logged_in_and_is_in_companies_module(CompaniesTest.java:44)
at ✽.User is Logged in and is in Companies Module(file:///C:/Users/Deepak/eclipse-workspace/FreeCRM/Features/Companies/CreateCompany.feature:16)
]]>
    </error>
  </testcase> <!-- Scenario -->
  <system-out/>
</testsuite> <!-- com.stepDefinition.CompaniesTest -->
