<?xml version="1.0" encoding="UTF-8"?>
<!-- Generated by org.testng.reporters.JUnitReportReporter -->
<testsuite skipped="0" hostname="BeastPC" name="com.stepDefinition.CompaniesTest" tests="33" failures="0" timestamp="2022-03-22T14:24:16 IST" time="538.513" errors="0">
  <testcase name="Scenario" time="19.851" classname="com.stepDefinition.CompaniesTest"/>
  <system-out/>
  <testcase name="Scenario" time="6.934" classname="com.stepDefinition.CompaniesTest"/>
  <system-out/>
  <testcase name="Scenario" time="13.998" classname="com.stepDefinition.CompaniesTest"/>
  <system-out/>
  <testcase name="Scenario" time="9.539" classname="com.stepDefinition.CompaniesTest"/>
  <system-out/>
  <testcase name="Scenario" time="16.287" classname="com.stepDefinition.CompaniesTest"/>
  <system-out/>
  <testcase name="Scenario" time="23.689" classname="com.stepDefinition.CompaniesTest"/>
  <system-out/>
  <testcase name="Scenario" time="33.015" classname="com.stepDefinition.CompaniesTest"/>
  <system-out/>
  <testcase name="Scenario" time="34.186" classname="com.stepDefinition.CompaniesTest"/>
  <system-out/>
  <testcase name="Scenario" time="21.855" classname="com.stepDefinition.CompaniesTest"/>
  <system-out/>
  <testcase name="Scenario" time="8.181" classname="com.stepDefinition.CompaniesTest"/>
  <system-out/>
  <testcase name="Scenario" time="20.609" classname="com.stepDefinition.CompaniesTest"/>
  <system-out/>
  <testcase name="Scenario" time="20.784" classname="com.stepDefinition.CompaniesTest"/>
  <system-out/>
  <testcase name="Scenario" time="3.644" classname="com.stepDefinition.CompaniesTest"/>
  <system-out/>
  <testcase name="Scenario" time="20.582" classname="com.stepDefinition.CompaniesTest"/>
  <system-out/>
  <testcase name="Scenario" time="5.417" classname="com.stepDefinition.CompaniesTest"/>
  <system-out/>
  <testcase name="Scenario" time="14.817" classname="com.stepDefinition.CompaniesTest"/>
  <system-out/>
  <testcase name="Scenario" time="9.231" classname="com.stepDefinition.CompaniesTest"/>
  <system-out/>
  <testcase name="Scenario" time="22.112" classname="com.stepDefinition.CompaniesTest"/>
  <system-out/>
  <testcase name="Scenario" time="6.323" classname="com.stepDefinition.CompaniesTest"/>
  <system-out/>
  <testcase name="Scenario" time="5.303" classname="com.stepDefinition.CompaniesTest"/>
  <system-out/>
  <testcase name="Scenario" time="4.920" classname="com.stepDefinition.CompaniesTest"/>
  <system-out/>
  <testcase name="Scenario" time="17.663" classname="com.stepDefinition.CompaniesTest"/>
  <system-out/>
  <testcase name="Scenario" time="16.251" classname="com.stepDefinition.CompaniesTest"/>
  <system-out/>
  <testcase name="Scenario" time="20.258" classname="com.stepDefinition.CompaniesTest"/>
  <system-out/>
  <testcase name="Scenario" time="10.766" classname="com.stepDefinition.CompaniesTest"/>
  <system-out/>
  <testcase name="Scenario" time="21.748" classname="com.stepDefinition.CompaniesTest"/>
  <system-out/>
  <testcase name="Scenario" time="16.035" classname="com.stepDefinition.CompaniesTest"/>
  <system-out/>
  <testcase name="Scenario" time="8.276" classname="com.stepDefinition.CompaniesTest"/>
  <system-out/>
  <testcase name="Scenario" time="19.386" classname="com.stepDefinition.CompaniesTest"/>
  <system-out/>
  <testcase name="Scenario" time="20.233" classname="com.stepDefinition.CompaniesTest"/>
  <system-out/>
  <testcase name="Scenario" time="15.111" classname="com.stepDefinition.CompaniesTest"/>
  <system-out/>
  <testcase name="Scenario" time="16.164" classname="com.stepDefinition.CompaniesTest"/>
  <system-out/>
  <testcase name="Scenario" time="35.345" classname="com.stepDefinition.CompaniesTest"/>
  <system-out/>
</testsuite> <!-- com.stepDefinition.CompaniesTest -->
